#
# There is insufficient memory for the Java Runtime Environment to continue.
# Native memory allocation (malloc) failed to allocate 1096336 bytes. Error detail: Chunk::new
# Possible reasons:
#   The system is out of physical RAM or swap space
#   This process is running with CompressedOops enabled, and the Java Heap may be blocking the growth of the native heap
# Possible solutions:
#   Reduce memory load on the system
#   Increase physical memory or swap space
#   Check if swap backing store is full
#   Decrease Java heap size (-Xmx/-Xms)
#   Decrease number of Java threads
#   Decrease Java thread stack sizes (-Xss)
#   Set larger code cache with -XX:ReservedCodeCacheSize=
#   JVM is running with Unscaled Compressed Oops mode in which the Java heap is
#     placed in the first 4GB address space. The Java Heap base address is the
#     maximum limit for the native heap growth. Please use -XX:HeapBaseMinAddress
#     to set the Java Heap base and to place the Java Heap above 4GB virtual address.
# This output file may be truncated or incomplete.
#
#  Out of Memory Error (arena.cpp:168), pid=11192, tid=8264
#
# JRE version: OpenJDK Runtime Environment Temurin-21.0.8+9 (21.0.8+9) (build 21.0.8+9-LTS)
# Java VM: OpenJDK 64-Bit Server VM Temurin-21.0.8+9 (21.0.8+9-LTS, mixed mode, sharing, tiered, compressed oops, compressed class ptrs, parallel gc, windows-amd64)
# No core dump will be written. Minidumps are not enabled by default on client versions of Windows
#

---------------  S U M M A R Y ------------

Command Line: --add-modules=ALL-SYSTEM --add-opens=java.base/java.util=ALL-UNNAMED --add-opens=java.base/java.lang=ALL-UNNAMED --add-opens=java.base/sun.nio.fs=ALL-UNNAMED -Declipse.application=org.eclipse.jdt.ls.core.id1 -Dosgi.bundles.defaultStartLevel=4 -Declipse.product=org.eclipse.jdt.ls.core.product -Djava.import.generatesMetadataFilesAtProjectRoot=false -DDetectVMInstallationsJob.disabled=true -Dfile.encoding=utf8 -XX:+UseParallelGC -XX:GCTimeRatio=4 -XX:AdaptiveSizePolicyWeight=90 -Dsun.zip.disableMemoryMapping=true -Xmx2G -Xms100m -Xlog:disable -javaagent:c:\Users\SHUBHAM\.vscode\extensions\redhat.java-1.47.0-win32-x64\lombok\lombok-1.18.39-4050.jar -XX:+HeapDumpOnOutOfMemoryError -XX:HeapDumpPath=c:\Users\SHUBHAM\AppData\Roaming\Code\User\workspaceStorage\6f7126b1a35a225d3bb883133d0c9c32\redhat.java -Daether.dependencyCollector.impl=bf c:\Users\SHUBHAM\.vscode\extensions\redhat.java-1.47.0-win32-x64\server\plugins\org.eclipse.equinox.launcher_1.7.100.v20251014-1222.jar -configuration c:\Users\SHUBHAM\AppData\Roaming\Code\User\globalStorage\redhat.java\1.47.0\config_win -data c:\Users\SHUBHAM\AppData\Roaming\Code\User\workspaceStorage\6f7126b1a35a225d3bb883133d0c9c32\redhat.java\jdt_ws --pipe=\\.\pipe\lsp-50b5a1f32aa6bbe04988d8473feed77f-sock

Host: AMD Ryzen 5 5600H with Radeon Graphics         , 12 cores, 5G,  Windows 11 , 64 bit Build 26100 (10.0.26100.7019)
Time: Sun Nov  2 08:35:16 2025 India Standard Time elapsed time: 86.633350 seconds (0d 0h 1m 26s)

---------------  T H R E A D  ---------------

Current thread (0x000002cf2941f400):  JavaThread "C2 CompilerThread0" daemon [_thread_in_native, id=8264, stack(0x000000d97fe00000,0x000000d97ff00000) (1024K)]


Current CompileTask:
C2:86633 10981   !   4       org.eclipse.jdt.internal.core.index.DiskIndex::mergeWith (623 bytes)

Stack: [0x000000d97fe00000,0x000000d97ff00000]
Native frames: (J=compiled Java code, j=interpreted, Vv=VM code, C=native code)
V  [jvm.dll+0x6d2449]
V  [jvm.dll+0x8ae341]
V  [jvm.dll+0x8b08be]
V  [jvm.dll+0x8b0fa3]
V  [jvm.dll+0x280c96]
V  [jvm.dll+0xc581d]
V  [jvm.dll+0xc5d53]
V  [jvm.dll+0x3b9162]
V  [jvm.dll+0x385315]
V  [jvm.dll+0x38477a]
V  [jvm.dll+0x248ed0]
V  [jvm.dll+0x2484af]
V  [jvm.dll+0x1c89ee]
V  [jvm.dll+0x257d4d]
V  [jvm.dll+0x2562ea]
V  [jvm.dll+0x3f2d16]
V  [jvm.dll+0x857e6b]
V  [jvm.dll+0x6d0b0d]
C  [ucrtbase.dll+0x37b0]
C  [KERNEL32.DLL+0x2e8d7]
C  [ntdll.dll+0x8c53c]


---------------  P R O C E S S  ---------------

Threads class SMR info:
_java_thread_list=0x000002cf8ab22520, length=67, elements={
0x000002cf2703a9e0, 0x000002cf2931e830, 0x000002cf29413510, 0x000002cf29414c90,
0x000002cf294158e0, 0x000002cf29418840, 0x000002cf29419330, 0x000002cf2941f400,
0x000002cf29428280, 0x000002cf821f63c0, 0x000002cf8249c2d0, 0x000002cf834f0060,
0x000002cf83512060, 0x000002cf821c13a0, 0x000002cf821c1a00, 0x000002cf881ea5d0,
0x000002cf824398e0, 0x000002cf88549010, 0x000002cf8240a000, 0x000002cf831ba1b0,
0x000002cf831ba840, 0x000002cf831baed0, 0x000002cf831b8e00, 0x000002cf831b8770,
0x000002cf831b80e0, 0x000002cf831bb560, 0x000002cf831b9490, 0x000002cf831b9b20,
0x000002cf8b980e10, 0x000002cf8b982850, 0x000002cf8b9821c0, 0x000002cf8b982ee0,
0x000002cf8b983570, 0x000002cf8b9800f0, 0x000002cf8b9814a0, 0x000002cf8b981b30,
0x000002cf8b983c00, 0x000002cf8b980780, 0x000002cf8b984fb0, 0x000002cf8b985cd0,
0x000002cf8b984290, 0x000002cf8b984920, 0x000002cf8b985640, 0x000002cf8b987080,
0x000002cf8b987710, 0x000002cf8c3631e0, 0x000002cf8c3624c0, 0x000002cf8c365940,
0x000002cf8c364c20, 0x000002cf8c365fd0, 0x000002cf8c3652b0, 0x000002cf8c362b50,
0x000002cf8c364590, 0x000002cf8c366660, 0x000002cf8c366cf0, 0x000002cf8c369450,
0x000002cf8c367a10, 0x000002cf8c368730, 0x000002cf8c368dc0, 0x000002cf8c369ae0,
0x000002cf8b9869f0, 0x000002cf8c8b5b40, 0x000002cf8c8b6860, 0x000002cf8c8b61d0,
0x000002cf8c8b4e20, 0x000002cf8c8b33e0, 0x000002cf8c8b6ef0
}

Java Threads: ( => current thread )
  0x000002cf2703a9e0 JavaThread "main"                              [_thread_blocked, id=5204, stack(0x000000d97f400000,0x000000d97f500000) (1024K)]
  0x000002cf2931e830 JavaThread "Reference Handler"          daemon [_thread_blocked, id=23456, stack(0x000000d97f800000,0x000000d97f900000) (1024K)]
  0x000002cf29413510 JavaThread "Finalizer"                  daemon [_thread_blocked, id=18024, stack(0x000000d97f900000,0x000000d97fa00000) (1024K)]
  0x000002cf29414c90 JavaThread "Signal Dispatcher"          daemon [_thread_blocked, id=1316, stack(0x000000d97fa00000,0x000000d97fb00000) (1024K)]
  0x000002cf294158e0 JavaThread "Attach Listener"            daemon [_thread_blocked, id=10660, stack(0x000000d97fb00000,0x000000d97fc00000) (1024K)]
  0x000002cf29418840 JavaThread "Service Thread"             daemon [_thread_blocked, id=22924, stack(0x000000d97fc00000,0x000000d97fd00000) (1024K)]
  0x000002cf29419330 JavaThread "Monitor Deflation Thread"   daemon [_thread_blocked, id=13920, stack(0x000000d97fd00000,0x000000d97fe00000) (1024K)]
=>0x000002cf2941f400 JavaThread "C2 CompilerThread0"         daemon [_thread_in_native, id=8264, stack(0x000000d97fe00000,0x000000d97ff00000) (1024K)]
  0x000002cf29428280 JavaThread "C1 CompilerThread0"         daemon [_thread_blocked, id=19628, stack(0x000000d97ff00000,0x000000d980000000) (1024K)]
  0x000002cf821f63c0 JavaThread "Common-Cleaner"             daemon [_thread_blocked, id=7760, stack(0x000000d900000000,0x000000d900100000) (1024K)]
  0x000002cf8249c2d0 JavaThread "Notification Thread"        daemon [_thread_blocked, id=16480, stack(0x000000d900100000,0x000000d900200000) (1024K)]
  0x000002cf834f0060 JavaThread "Active Thread: Equinox Container: 9c58db56-9784-4751-b793-962487e0e0a0"        [_thread_blocked, id=10292, stack(0x000000d900800000,0x000000d900900000) (1024K)]
  0x000002cf83512060 JavaThread "Refresh Thread: Equinox Container: 9c58db56-9784-4751-b793-962487e0e0a0" daemon [_thread_blocked, id=20060, stack(0x000000d900a00000,0x000000d900b00000) (1024K)]
  0x000002cf821c13a0 JavaThread "Framework Event Dispatcher: Equinox Container: 9c58db56-9784-4751-b793-962487e0e0a0" daemon [_thread_blocked, id=5912, stack(0x000000d900b00000,0x000000d900c00000) (1024K)]
  0x000002cf821c1a00 JavaThread "Start Level: Equinox Container: 9c58db56-9784-4751-b793-962487e0e0a0" daemon [_thread_blocked, id=3356, stack(0x000000d900c00000,0x000000d900d00000) (1024K)]
  0x000002cf881ea5d0 JavaThread "Bundle File Closer"         daemon [_thread_blocked, id=25244, stack(0x000000d901100000,0x000000d901200000) (1024K)]
  0x000002cf824398e0 JavaThread "SCR Component Actor"        daemon [_thread_blocked, id=6376, stack(0x000000d900f00000,0x000000d901000000) (1024K)]
  0x000002cf88549010 JavaThread "Worker-JM"                         [_thread_blocked, id=25492, stack(0x000000d901300000,0x000000d901400000) (1024K)]
  0x000002cf8240a000 JavaThread "JNA Cleaner"                daemon [_thread_blocked, id=12332, stack(0x000000d901000000,0x000000d901100000) (1024K)]
  0x000002cf831ba1b0 JavaThread "Worker-0"                          [_thread_blocked, id=19428, stack(0x000000d901200000,0x000000d901300000) (1024K)]
  0x000002cf831ba840 JavaThread "Worker-1"                          [_thread_blocked, id=3900, stack(0x000000d901400000,0x000000d901500000) (1024K)]
  0x000002cf831baed0 JavaThread "Java indexing"              daemon [_thread_in_Java, id=21136, stack(0x000000d901700000,0x000000d901800000) (1024K)]
  0x000002cf831b8e00 JavaThread "Worker-2: Java indexing... "        [_thread_blocked, id=13024, stack(0x000000d901a00000,0x000000d901b00000) (1024K)]
  0x000002cf831b8770 JavaThread "Worker-3"                          [_thread_blocked, id=8180, stack(0x000000d901b00000,0x000000d901c00000) (1024K)]
  0x000002cf831b80e0 JavaThread "Thread-1"                   daemon [_thread_in_native, id=26296, stack(0x000000d901c00000,0x000000d901d00000) (1024K)]
  0x000002cf831bb560 JavaThread "Thread-2"                   daemon [_thread_in_native, id=7496, stack(0x000000d901d00000,0x000000d901e00000) (1024K)]
  0x000002cf831b9490 JavaThread "Thread-3"                   daemon [_thread_in_native, id=22208, stack(0x000000d901e00000,0x000000d901f00000) (1024K)]
  0x000002cf831b9b20 JavaThread "Thread-4"                   daemon [_thread_in_native, id=19588, stack(0x000000d901f00000,0x000000d902000000) (1024K)]
  0x000002cf8b980e10 JavaThread "Thread-5"                   daemon [_thread_in_native, id=18064, stack(0x000000d902000000,0x000000d902100000) (1024K)]
  0x000002cf8b982850 JavaThread "Thread-6"                   daemon [_thread_in_native, id=20284, stack(0x000000d902100000,0x000000d902200000) (1024K)]
  0x000002cf8b9821c0 JavaThread "Thread-7"                   daemon [_thread_in_native, id=22684, stack(0x000000d902200000,0x000000d902300000) (1024K)]
  0x000002cf8b982ee0 JavaThread "Thread-8"                   daemon [_thread_in_native, id=9232, stack(0x000000d902300000,0x000000d902400000) (1024K)]
  0x000002cf8b983570 JavaThread "Thread-9"                   daemon [_thread_in_native, id=21064, stack(0x000000d902400000,0x000000d902500000) (1024K)]
  0x000002cf8b9800f0 JavaThread "Thread-10"                  daemon [_thread_in_native, id=21580, stack(0x000000d902500000,0x000000d902600000) (1024K)]
  0x000002cf8b9814a0 JavaThread "Thread-11"                  daemon [_thread_in_native, id=24744, stack(0x000000d902600000,0x000000d902700000) (1024K)]
  0x000002cf8b981b30 JavaThread "Thread-12"                  daemon [_thread_in_native, id=25332, stack(0x000000d902700000,0x000000d902800000) (1024K)]
  0x000002cf8b983c00 JavaThread "Thread-13"                  daemon [_thread_in_native, id=20180, stack(0x000000d902800000,0x000000d902900000) (1024K)]
  0x000002cf8b980780 JavaThread "pool-2-thread-1"                   [_thread_blocked, id=8268, stack(0x000000d902900000,0x000000d902a00000) (1024K)]
  0x000002cf8b984fb0 JavaThread "Worker-4"                          [_thread_blocked, id=13396, stack(0x000000d902a00000,0x000000d902b00000) (1024K)]
  0x000002cf8b985cd0 JavaThread "Worker-5: Check JDK Index"         [_thread_blocked, id=22836, stack(0x000000d902b00000,0x000000d902c00000) (1024K)]
  0x000002cf8b984290 JavaThread "Worker-6"                          [_thread_blocked, id=5856, stack(0x000000d902c00000,0x000000d902d00000) (1024K)]
  0x000002cf8b984920 JavaThread "WorkspaceEventsHandler"            [_thread_blocked, id=12648, stack(0x000000d902d00000,0x000000d902e00000) (1024K)]
  0x000002cf8b985640 JavaThread "pool-1-thread-1"                   [_thread_blocked, id=13688, stack(0x000000d902e00000,0x000000d902f00000) (1024K)]
  0x000002cf8b987080 JavaThread "ForkJoinPool.commonPool-worker-1" daemon [_thread_blocked, id=12892, stack(0x000000d903100000,0x000000d903200000) (1024K)]
  0x000002cf8b987710 JavaThread "ForkJoinPool.commonPool-worker-2" daemon [_thread_blocked, id=18584, stack(0x000000d903200000,0x000000d903300000) (1024K)]
  0x000002cf8c3631e0 JavaThread "ForkJoinPool.commonPool-worker-3" daemon [_thread_blocked, id=23764, stack(0x000000d903300000,0x000000d903400000) (1024K)]
  0x000002cf8c3624c0 JavaThread "ForkJoinPool.commonPool-worker-4" daemon [_thread_blocked, id=14864, stack(0x000000d903400000,0x000000d903500000) (1024K)]
  0x000002cf8c365940 JavaThread "ForkJoinPool.commonPool-worker-5" daemon [_thread_blocked, id=2208, stack(0x000000d903500000,0x000000d903600000) (1024K)]
  0x000002cf8c364c20 JavaThread "ForkJoinPool.commonPool-worker-7" daemon [_thread_blocked, id=10952, stack(0x000000d903600000,0x000000d903700000) (1024K)]
  0x000002cf8c365fd0 JavaThread "ForkJoinPool.commonPool-worker-6" daemon [_thread_blocked, id=20288, stack(0x000000d903700000,0x000000d903800000) (1024K)]
  0x000002cf8c3652b0 JavaThread "ForkJoinPool.commonPool-worker-8" daemon [_thread_blocked, id=25952, stack(0x000000d903800000,0x000000d903900000) (1024K)]
  0x000002cf8c362b50 JavaThread "ForkJoinPool.commonPool-worker-9" daemon [_thread_blocked, id=15684, stack(0x000000d903900000,0x000000d903a00000) (1024K)]
  0x000002cf8c364590 JavaThread "ForkJoinPool.commonPool-worker-10" daemon [_thread_blocked, id=22608, stack(0x000000d903a00000,0x000000d903b00000) (1024K)]
  0x000002cf8c366660 JavaThread "ForkJoinPool.commonPool-worker-11" daemon [_thread_blocked, id=13324, stack(0x000000d903b00000,0x000000d903c00000) (1024K)]
  0x000002cf8c366cf0 JavaThread "Timer-0"                           [_thread_blocked, id=18124, stack(0x000000d901500000,0x000000d901600000) (1024K)]
  0x000002cf8c369450 JavaThread "LocalFile Deleter"          daemon [_thread_blocked, id=21248, stack(0x000000d903000000,0x000000d903100000) (1024K)]
  0x000002cf8c367a10 JavaThread "LocalFile Deleter"          daemon [_thread_blocked, id=11056, stack(0x000000d903c00000,0x000000d903d00000) (1024K)]
  0x000002cf8c368730 JavaThread "LocalFile Deleter"          daemon [_thread_blocked, id=20784, stack(0x000000d903d00000,0x000000d903e00000) (1024K)]
  0x000002cf8c368dc0 JavaThread "LocalFile Deleter"          daemon [_thread_blocked, id=19072, stack(0x000000d903e00000,0x000000d903f00000) (1024K)]
  0x000002cf8c369ae0 JavaThread "LocalFile Deleter"          daemon [_thread_blocked, id=20688, stack(0x000000d903f00000,0x000000d904000000) (1024K)]
  0x000002cf8b9869f0 JavaThread "LocalFile Deleter"          daemon [_thread_blocked, id=5520, stack(0x000000d904000000,0x000000d904100000) (1024K)]
  0x000002cf8c8b5b40 JavaThread "LocalFile Deleter"          daemon [_thread_blocked, id=25172, stack(0x000000d904100000,0x000000d904200000) (1024K)]
  0x000002cf8c8b6860 JavaThread "LocalFile Deleter"          daemon [_thread_blocked, id=20560, stack(0x000000d904200000,0x000000d904300000) (1024K)]
  0x000002cf8c8b61d0 JavaThread "LocalFile Deleter"          daemon [_thread_blocked, id=23052, stack(0x000000d904300000,0x000000d904400000) (1024K)]
  0x000002cf8c8b4e20 JavaThread "LocalFile Deleter"          daemon [_thread_blocked, id=2144, stack(0x000000d904400000,0x000000d904500000) (1024K)]
  0x000002cf8c8b33e0 JavaThread "LocalFile Deleter"          daemon [_thread_blocked, id=23208, stack(0x000000d904500000,0x000000d904600000) (1024K)]
  0x000002cf8c8b6ef0 JavaThread "LocalFile Deleter"          daemon [_thread_blocked, id=9384, stack(0x000000d904600000,0x000000d904700000) (1024K)]
Total: 67

Other Threads:
  0x000002cf29410a50 VMThread "VM Thread"                           [id=7888, stack(0x000000d97f700000,0x000000d97f800000) (1024K)]
  0x000002cf291fc210 WatcherThread "VM Periodic Task Thread"        [id=14536, stack(0x000000d97f600000,0x000000d97f700000) (1024K)]
  0x000002cf2938c8b0 WorkerThread "GC Thread#0"                     [id=5864, stack(0x000000d97f500000,0x000000d97f600000) (1024K)]
  0x000002cf834100a0 WorkerThread "GC Thread#1"                     [id=24588, stack(0x000000d900200000,0x000000d900300000) (1024K)]
  0x000002cf834ad4d0 WorkerThread "GC Thread#2"                     [id=404, stack(0x000000d900300000,0x000000d900400000) (1024K)]
  0x000002cf832ac890 WorkerThread "GC Thread#3"                     [id=14680, stack(0x000000d900400000,0x000000d900500000) (1024K)]
  0x000002cf832acc30 WorkerThread "GC Thread#4"                     [id=23400, stack(0x000000d900500000,0x000000d900600000) (1024K)]
  0x000002cf83381640 WorkerThread "GC Thread#5"                     [id=1556, stack(0x000000d900600000,0x000000d900700000) (1024K)]
  0x000002cf83382200 WorkerThread "GC Thread#6"                     [id=11012, stack(0x000000d900700000,0x000000d900800000) (1024K)]
  0x000002cf8384a2c0 WorkerThread "GC Thread#7"                     [id=25868, stack(0x000000d900900000,0x000000d900a00000) (1024K)]
  0x000002cf88000470 WorkerThread "GC Thread#8"                     [id=2720, stack(0x000000d900d00000,0x000000d900e00000) (1024K)]
  0x000002cf88001690 WorkerThread "GC Thread#9"                     [id=21220, stack(0x000000d900e00000,0x000000d900f00000) (1024K)]
Total: 12

Threads with active compile tasks:
C2 CompilerThread0  86666 10981   !   4       org.eclipse.jdt.internal.core.index.DiskIndex::mergeWith (623 bytes)
Total: 1

VM state: at safepoint (normal execution)

VM Mutex/Monitor currently owned by a thread:  ([mutex/lock_event])
[0x00007fffade95458] Threads_lock - owner thread: 0x000002cf29410a50
[0x00007fffade95558] Heap_lock - owner thread: 0x000002cf831baed0
[0x00007fffade959d8] PSOldGenExpand_lock - owner thread: 0x000002cf834ad4d0

Heap address: 0x0000000080000000, size: 2048 MB, Compressed Oops mode: 32-bit

CDS archive(s) mapped at: [0x000002cf40000000-0x000002cf40ba0000-0x000002cf40ba0000), size 12189696, SharedBaseAddress: 0x000002cf40000000, ArchiveRelocationMode: 1.
Compressed class space mapped at: 0x000002cf41000000-0x000002cf81000000, reserved size: 1073741824
Narrow klass base: 0x000002cf40000000, Narrow klass shift: 0, Narrow klass range: 0x100000000

GC Precious Log:
 CardTable entry size: 512
 CPUs: 12 total, 12 available
 Memory: 5996M
 Large Page Support: Disabled
 NUMA Support: Disabled
 Compressed Oops: Enabled (32-bit)
 Alignments: Space 512K, Generation 512K, Heap 2M
 Heap Min Capacity: 100M
 Heap Initial Capacity: 100M
 Heap Max Capacity: 2G
 Pre-touch: Disabled
 Parallel Workers: 10

Heap:
 PSYoungGen      total 4096K, used 3739K [0x00000000d5580000, 0x00000000d5b80000, 0x0000000100000000)
  eden space 2048K, 100% used [0x00000000d5580000,0x00000000d5780000,0x00000000d5780000)
  from space 2048K, 82% used [0x00000000d5980000,0x00000000d5b26f70,0x00000000d5b80000)
  to   space 2048K, 100% used [0x00000000d5780000,0x00000000d5980000,0x00000000d5980000)
 ParOldGen       total 907264K, used 907257K [0x0000000080000000, 0x00000000b7600000, 0x00000000d5580000)
  object space 907264K, 99% used [0x0000000080000000,0x00000000b75fe760,0x00000000b7600000)
 Metaspace       used 66780K, committed 68160K, reserved 1114112K
  class space    used 7676K, committed 8256K, reserved 1048576K

Card table byte_map: [0x000002cf28d10000,0x000002cf29120000] _byte_map_base: 0x000002cf28910000

Marking Bits: (ParMarkBitMap*) 0x00007fffade9a340
 Begin Bits: [0x000002cf3b810000, 0x000002cf3d810000)
 End Bits:   [0x000002cf3d810000, 0x000002cf3f810000)

Polling page: 0x000002cf27190000

Metaspace:

Usage:
  Non-class:     57.72 MB used.
      Class:      7.50 MB used.
       Both:     65.22 MB used.

Virtual space:
  Non-class space:       64.00 MB reserved,      58.50 MB ( 91%) committed,  1 nodes.
      Class space:        1.00 GB reserved,       8.06 MB ( <1%) committed,  1 nodes.
             Both:        1.06 GB reserved,      66.56 MB (  6%) committed. 

Chunk freelists:
   Non-Class:  5.45 MB
       Class:  7.76 MB
        Both:  13.21 MB

MaxMetaspaceSize: unlimited
CompressedClassSpaceSize: 1.00 GB
Initial GC threshold: 21.00 MB
Current GC threshold: 97.31 MB
CDS: on
 - commit_granule_bytes: 65536.
 - commit_granule_words: 8192.
 - virtual_space_node_default_size: 8388608.
 - enlarge_chunks_in_place: 1.
 - use_allocation_guard: 0.


Internal statistics:

num_allocs_failed_limit: 9.
num_arena_births: 1076.
num_arena_deaths: 16.
num_vsnodes_births: 2.
num_vsnodes_deaths: 0.
num_space_committed: 1065.
num_space_uncommitted: 0.
num_chunks_returned_to_freelist: 26.
num_chunks_taken_from_freelist: 3819.
num_chunk_merges: 4.
num_chunk_splits: 2443.
num_chunks_enlarged: 1558.
num_inconsistent_stats: 0.

CodeHeap 'non-profiled nmethods': size=120000Kb used=8564Kb max_used=8564Kb free=111435Kb
 bounds [0x000002cf34030000, 0x000002cf34890000, 0x000002cf3b560000]
CodeHeap 'profiled nmethods': size=120000Kb used=21012Kb max_used=21012Kb free=98987Kb
 bounds [0x000002cf2c560000, 0x000002cf2d9f0000, 0x000002cf33a90000]
CodeHeap 'non-nmethods': size=5760Kb used=1449Kb max_used=1539Kb free=4310Kb
 bounds [0x000002cf33a90000, 0x000002cf33d00000, 0x000002cf34030000]
CodeCache: size=245760Kb, used=31025Kb, max_used=31115Kb, free=214732Kb
 total_blobs=10886, nmethods=10128, adapters=664, full_count=0
Compilation: enabled, stopped_count=0, restarted_count=0

Compilation events (20 events):
Event: 81.504 Thread 0x000002cf2941f400 nmethod 10971 0x000002cf34867c10 code [0x000002cf34867da0, 0x000002cf34867e50]
Event: 81.513 Thread 0x000002cf2941f400 10972   !   4       org.eclipse.jdt.internal.core.search.indexing.BinaryIndexer::toUri (51 bytes)
Event: 81.538 Thread 0x000002cf2941f400 nmethod 10972 0x000002cf34867f10 code [0x000002cf348681c0, 0x000002cf34869488]
Event: 82.435 Thread 0x000002cf2941f400 10973   !   4       org.eclipse.jdt.internal.core.search.indexing.BinaryIndexer::indexDocument (1172 bytes)
Event: 82.905 Thread 0x000002cf2941f400 nmethod 10973 0x000002cf34869f10 code [0x000002cf3486ab20, 0x000002cf34875c88]
Event: 83.259 Thread 0x000002cf2941f400 10974 %     4       org.eclipse.jdt.internal.core.index.DiskIndex::computeDocumentNames @ 40 (607 bytes)
Event: 83.270 Thread 0x000002cf2941f400 nmethod 10974% 0x000002cf3487ed90 code [0x000002cf3487ef80, 0x000002cf3487f6d0]
Event: 83.273 Thread 0x000002cf2941f400 10975       4       org.eclipse.jdt.internal.core.index.DiskIndex::computeDocumentNames (607 bytes)
Event: 83.304 Thread 0x000002cf2941f400 nmethod 10975 0x000002cf3487fc90 code [0x000002cf3487ffc0, 0x000002cf34881588]
Event: 83.304 Thread 0x000002cf2941f400 10976 %     4       org.eclipse.jdt.internal.core.util.Util::quickSort @ 19 (107 bytes)
Event: 83.307 Thread 0x000002cf29428280 10977 %     3       org.eclipse.jdt.internal.core.index.DiskIndex::writeAllDocumentNames @ 251 (512 bytes)
Event: 83.310 Thread 0x000002cf29428280 nmethod 10977% 0x000002cf2d9d9b10 code [0x000002cf2d9d9fe0, 0x000002cf2d9dcbb8]
Event: 83.315 Thread 0x000002cf29428280 10979   !   3       org.eclipse.jdt.internal.core.index.DiskIndex::mergeWith (623 bytes)
Event: 83.320 Thread 0x000002cf29428280 nmethod 10979 0x000002cf2d9dde10 code [0x000002cf2d9de680, 0x000002cf2d9e2ad0]
Event: 83.329 Thread 0x000002cf2941f400 nmethod 10976% 0x000002cf34882310 code [0x000002cf348825c0, 0x000002cf34884790]
Event: 83.329 Thread 0x000002cf2941f400 10978 %     4       org.eclipse.jdt.internal.core.index.DiskIndex::writeAllDocumentNames @ 300 (512 bytes)
Event: 83.388 Thread 0x000002cf2941f400 nmethod 10978% 0x000002cf34885390 code [0x000002cf34885840, 0x000002cf34889178]
Event: 84.432 Thread 0x000002cf2941f400 10980 % !   4       org.eclipse.jdt.internal.core.index.DiskIndex::mergeWith @ 262 (623 bytes)
Event: 84.446 Thread 0x000002cf2941f400 nmethod 10980% 0x000002cf3488b790 code [0x000002cf3488ba00, 0x000002cf3488c778]
Event: 84.537 Thread 0x000002cf2941f400 10981   !   4       org.eclipse.jdt.internal.core.index.DiskIndex::mergeWith (623 bytes)

GC Heap History (20 events):
Event: 84.394 GC heap after
{Heap after GC invocations=993 (full 3):
 PSYoungGen      total 2048K, used 659K [0x00000000d5580000, 0x00000000d5900000, 0x0000000100000000)
  eden space 1024K, 0% used [0x00000000d5580000,0x00000000d5580000,0x00000000d5680000)
  from space 1024K, 64% used [0x00000000d5800000,0x00000000d58a4fd0,0x00000000d5900000)
  to   space 1024K, 0% used [0x00000000d5700000,0x00000000d5700000,0x00000000d5800000)
 ParOldGen       total 893440K, used 893021K [0x0000000080000000, 0x00000000b6880000, 0x00000000d5580000)
  object space 893440K, 99% used [0x0000000080000000,0x00000000b68174d0,0x00000000b6880000)
 Metaspace       used 66780K, committed 68160K, reserved 1114112K
  class space    used 7676K, committed 8256K, reserved 1048576K
}
Event: 84.410 GC heap before
{Heap before GC invocations=994 (full 3):
 PSYoungGen      total 2048K, used 1683K [0x00000000d5580000, 0x00000000d5900000, 0x0000000100000000)
  eden space 1024K, 100% used [0x00000000d5580000,0x00000000d5680000,0x00000000d5680000)
  from space 1024K, 64% used [0x00000000d5800000,0x00000000d58a4fd0,0x00000000d5900000)
  to   space 1024K, 0% used [0x00000000d5700000,0x00000000d5700000,0x00000000d5800000)
 ParOldGen       total 893440K, used 893021K [0x0000000080000000, 0x00000000b6880000, 0x00000000d5580000)
  object space 893440K, 99% used [0x0000000080000000,0x00000000b68174d0,0x00000000b6880000)
 Metaspace       used 66780K, committed 68160K, reserved 1114112K
  class space    used 7676K, committed 8256K, reserved 1048576K
}
Event: 84.413 GC heap after
{Heap after GC invocations=994 (full 3):
 PSYoungGen      total 2560K, used 1019K [0x00000000d5580000, 0x00000000d5b00000, 0x0000000100000000)
  eden space 1536K, 0% used [0x00000000d5580000,0x00000000d5580000,0x00000000d5700000)
  from space 1024K, 99% used [0x00000000d5700000,0x00000000d57fef70,0x00000000d5800000)
  to   space 2048K, 0% used [0x00000000d5900000,0x00000000d5900000,0x00000000d5b00000)
 ParOldGen       total 893952K, used 893602K [0x0000000080000000, 0x00000000b6900000, 0x00000000d5580000)
  object space 893952K, 99% used [0x0000000080000000,0x00000000b68a89e8,0x00000000b6900000)
 Metaspace       used 66780K, committed 68160K, reserved 1114112K
  class space    used 7676K, committed 8256K, reserved 1048576K
}
Event: 84.439 GC heap before
{Heap before GC invocations=995 (full 3):
 PSYoungGen      total 2560K, used 2555K [0x00000000d5580000, 0x00000000d5b00000, 0x0000000100000000)
  eden space 1536K, 100% used [0x00000000d5580000,0x00000000d5700000,0x00000000d5700000)
  from space 1024K, 99% used [0x00000000d5700000,0x00000000d57fef70,0x00000000d5800000)
  to   space 2048K, 0% used [0x00000000d5900000,0x00000000d5900000,0x00000000d5b00000)
 ParOldGen       total 893952K, used 893602K [0x0000000080000000, 0x00000000b6900000, 0x00000000d5580000)
  object space 893952K, 99% used [0x0000000080000000,0x00000000b68a89e8,0x00000000b6900000)
 Metaspace       used 66780K, committed 68160K, reserved 1114112K
  class space    used 7676K, committed 8256K, reserved 1048576K
}
Event: 84.444 GC heap after
{Heap after GC invocations=995 (full 3):
 PSYoungGen      total 3584K, used 1659K [0x00000000d5580000, 0x00000000d5b00000, 0x0000000100000000)
  eden space 1536K, 0% used [0x00000000d5580000,0x00000000d5580000,0x00000000d5700000)
  from space 2048K, 81% used [0x00000000d5900000,0x00000000d5a9ed50,0x00000000d5b00000)
  to   space 2048K, 0% used [0x00000000d5700000,0x00000000d5700000,0x00000000d5900000)
 ParOldGen       total 894976K, used 894616K [0x0000000080000000, 0x00000000b6a00000, 0x00000000d5580000)
  object space 894976K, 99% used [0x0000000080000000,0x00000000b69a63d0,0x00000000b6a00000)
 Metaspace       used 66780K, committed 68160K, reserved 1114112K
  class space    used 7676K, committed 8256K, reserved 1048576K
}
Event: 84.463 GC heap before
{Heap before GC invocations=996 (full 3):
 PSYoungGen      total 3584K, used 2627K [0x00000000d5580000, 0x00000000d5b00000, 0x0000000100000000)
  eden space 1536K, 63% used [0x00000000d5580000,0x00000000d5672270,0x00000000d5700000)
  from space 2048K, 81% used [0x00000000d5900000,0x00000000d5a9ed50,0x00000000d5b00000)
  to   space 2048K, 0% used [0x00000000d5700000,0x00000000d5700000,0x00000000d5900000)
 ParOldGen       total 894976K, used 894616K [0x0000000080000000, 0x00000000b6a00000, 0x00000000d5580000)
  object space 894976K, 99% used [0x0000000080000000,0x00000000b69a63d0,0x00000000b6a00000)
 Metaspace       used 66780K, committed 68160K, reserved 1114112K
  class space    used 7676K, committed 8256K, reserved 1048576K
}
Event: 84.467 GC heap after
{Heap after GC invocations=996 (full 3):
 PSYoungGen      total 3072K, used 1120K [0x00000000d5580000, 0x00000000d5a00000, 0x0000000100000000)
  eden space 1536K, 0% used [0x00000000d5580000,0x00000000d5580000,0x00000000d5700000)
  from space 1536K, 72% used [0x00000000d5700000,0x00000000d5818000,0x00000000d5880000)
  to   space 1536K, 0% used [0x00000000d5880000,0x00000000d5880000,0x00000000d5a00000)
 ParOldGen       total 896512K, used 896168K [0x0000000080000000, 0x00000000b6b80000, 0x00000000d5580000)
  object space 896512K, 99% used [0x0000000080000000,0x00000000b6b2a0e0,0x00000000b6b80000)
 Metaspace       used 66780K, committed 68160K, reserved 1114112K
  class space    used 7676K, committed 8256K, reserved 1048576K
}
Event: 84.477 GC heap before
{Heap before GC invocations=997 (full 3):
 PSYoungGen      total 3072K, used 2638K [0x00000000d5580000, 0x00000000d5a00000, 0x0000000100000000)
  eden space 1536K, 98% used [0x00000000d5580000,0x00000000d56fbb58,0x00000000d5700000)
  from space 1536K, 72% used [0x00000000d5700000,0x00000000d5818000,0x00000000d5880000)
  to   space 1536K, 0% used [0x00000000d5880000,0x00000000d5880000,0x00000000d5a00000)
 ParOldGen       total 896512K, used 896168K [0x0000000080000000, 0x00000000b6b80000, 0x00000000d5580000)
  object space 896512K, 99% used [0x0000000080000000,0x00000000b6b2a0e0,0x00000000b6b80000)
 Metaspace       used 66780K, committed 68160K, reserved 1114112K
  class space    used 7676K, committed 8256K, reserved 1048576K
}
Event: 84.481 GC heap after
{Heap after GC invocations=997 (full 3):
 PSYoungGen      total 3072K, used 1011K [0x00000000d5580000, 0x00000000d5a80000, 0x0000000100000000)
  eden space 1536K, 0% used [0x00000000d5580000,0x00000000d5580000,0x00000000d5700000)
  from space 1536K, 65% used [0x00000000d5880000,0x00000000d597cfd0,0x00000000d5a00000)
  to   space 1536K, 0% used [0x00000000d5700000,0x00000000d5700000,0x00000000d5880000)
 ParOldGen       total 898048K, used 897841K [0x0000000080000000, 0x00000000b6d00000, 0x00000000d5580000)
  object space 898048K, 99% used [0x0000000080000000,0x00000000b6ccc628,0x00000000b6d00000)
 Metaspace       used 66780K, committed 68160K, reserved 1114112K
  class space    used 7676K, committed 8256K, reserved 1048576K
}
Event: 84.496 GC heap before
{Heap before GC invocations=998 (full 3):
 PSYoungGen      total 3072K, used 2547K [0x00000000d5580000, 0x00000000d5a80000, 0x0000000100000000)
  eden space 1536K, 100% used [0x00000000d5580000,0x00000000d5700000,0x00000000d5700000)
  from space 1536K, 65% used [0x00000000d5880000,0x00000000d597cfd0,0x00000000d5a00000)
  to   space 1536K, 0% used [0x00000000d5700000,0x00000000d5700000,0x00000000d5880000)
 ParOldGen       total 898048K, used 897841K [0x0000000080000000, 0x00000000b6d00000, 0x00000000d5580000)
  object space 898048K, 99% used [0x0000000080000000,0x00000000b6ccc628,0x00000000b6d00000)
 Metaspace       used 66780K, committed 68160K, reserved 1114112K
  class space    used 7676K, committed 8256K, reserved 1048576K
}
Event: 84.499 GC heap after
{Heap after GC invocations=998 (full 3):
 PSYoungGen      total 3072K, used 1475K [0x00000000d5580000, 0x00000000d5b00000, 0x0000000100000000)
  eden space 1536K, 0% used [0x00000000d5580000,0x00000000d5580000,0x00000000d5700000)
  from space 1536K, 96% used [0x00000000d5700000,0x00000000d5870cf0,0x00000000d5880000)
  to   space 2048K, 0% used [0x00000000d5900000,0x00000000d5900000,0x00000000d5b00000)
 ParOldGen       total 899072K, used 898924K [0x0000000080000000, 0x00000000b6e00000, 0x00000000d5580000)
  object space 899072K, 99% used [0x0000000080000000,0x00000000b6ddb0a0,0x00000000b6e00000)
 Metaspace       used 66780K, committed 68160K, reserved 1114112K
  class space    used 7676K, committed 8256K, reserved 1048576K
}
Event: 84.523 GC heap before
{Heap before GC invocations=999 (full 3):
 PSYoungGen      total 3072K, used 3011K [0x00000000d5580000, 0x00000000d5b00000, 0x0000000100000000)
  eden space 1536K, 100% used [0x00000000d5580000,0x00000000d5700000,0x00000000d5700000)
  from space 1536K, 96% used [0x00000000d5700000,0x00000000d5870cf0,0x00000000d5880000)
  to   space 2048K, 0% used [0x00000000d5900000,0x00000000d5900000,0x00000000d5b00000)
 ParOldGen       total 899072K, used 898924K [0x0000000080000000, 0x00000000b6e00000, 0x00000000d5580000)
  object space 899072K, 99% used [0x0000000080000000,0x00000000b6ddb0a0,0x00000000b6e00000)
 Metaspace       used 66780K, committed 68160K, reserved 1114112K
  class space    used 7676K, committed 8256K, reserved 1048576K
}
Event: 84.527 GC heap after
{Heap after GC invocations=999 (full 3):
 PSYoungGen      total 3584K, used 1679K [0x00000000d5580000, 0x00000000d5b00000, 0x0000000100000000)
  eden space 1536K, 0% used [0x00000000d5580000,0x00000000d5580000,0x00000000d5700000)
  from space 2048K, 82% used [0x00000000d5900000,0x00000000d5aa3f18,0x00000000d5b00000)
  to   space 2048K, 0% used [0x00000000d5700000,0x00000000d5700000,0x00000000d5900000)
 ParOldGen       total 900608K, used 900270K [0x0000000080000000, 0x00000000b6f80000, 0x00000000d5580000)
  object space 900608K, 99% used [0x0000000080000000,0x00000000b6f2b818,0x00000000b6f80000)
 Metaspace       used 66780K, committed 68160K, reserved 1114112K
  class space    used 7676K, committed 8256K, reserved 1048576K
}
Event: 84.552 GC heap before
{Heap before GC invocations=1000 (full 3):
 PSYoungGen      total 3584K, used 3215K [0x00000000d5580000, 0x00000000d5b00000, 0x0000000100000000)
  eden space 1536K, 100% used [0x00000000d5580000,0x00000000d5700000,0x00000000d5700000)
  from space 2048K, 82% used [0x00000000d5900000,0x00000000d5aa3f18,0x00000000d5b00000)
  to   space 2048K, 0% used [0x00000000d5700000,0x00000000d5700000,0x00000000d5900000)
 ParOldGen       total 900608K, used 900270K [0x0000000080000000, 0x00000000b6f80000, 0x00000000d5580000)
  object space 900608K, 99% used [0x0000000080000000,0x00000000b6f2b818,0x00000000b6f80000)
 Metaspace       used 66780K, committed 68160K, reserved 1114112K
  class space    used 7676K, committed 8256K, reserved 1048576K
}
Event: 84.556 GC heap after
{Heap after GC invocations=1000 (full 3):
 PSYoungGen      total 3584K, used 1687K [0x00000000d5580000, 0x00000000d5b00000, 0x0000000100000000)
  eden space 1536K, 0% used [0x00000000d5580000,0x00000000d5580000,0x00000000d5700000)
  from space 2048K, 82% used [0x00000000d5700000,0x00000000d58a5eb8,0x00000000d5900000)
  to   space 2048K, 0% used [0x00000000d5900000,0x00000000d5900000,0x00000000d5b00000)
 ParOldGen       total 902144K, used 901843K [0x0000000080000000, 0x00000000b7100000, 0x00000000d5580000)
  object space 902144K, 99% used [0x0000000080000000,0x00000000b70b4c48,0x00000000b7100000)
 Metaspace       used 66780K, committed 68160K, reserved 1114112K
  class space    used 7676K, committed 8256K, reserved 1048576K
}
Event: 84.573 GC heap before
{Heap before GC invocations=1001 (full 3):
 PSYoungGen      total 3584K, used 3147K [0x00000000d5580000, 0x00000000d5b00000, 0x0000000100000000)
  eden space 1536K, 95% used [0x00000000d5580000,0x00000000d56ecdd0,0x00000000d5700000)
  from space 2048K, 82% used [0x00000000d5700000,0x00000000d58a5eb8,0x00000000d5900000)
  to   space 2048K, 0% used [0x00000000d5900000,0x00000000d5900000,0x00000000d5b00000)
 ParOldGen       total 902144K, used 901843K [0x0000000080000000, 0x00000000b7100000, 0x00000000d5580000)
  object space 902144K, 99% used [0x0000000080000000,0x00000000b70b4c48,0x00000000b7100000)
 Metaspace       used 66780K, committed 68160K, reserved 1114112K
  class space    used 7676K, committed 8256K, reserved 1048576K
}
Event: 85.586 GC heap after
{Heap after GC invocations=1001 (full 3):
 PSYoungGen      total 3584K, used 1611K [0x00000000d5580000, 0x00000000d5b80000, 0x0000000100000000)
  eden space 1536K, 0% used [0x00000000d5580000,0x00000000d5580000,0x00000000d5700000)
  from space 2048K, 78% used [0x00000000d5900000,0x00000000d5a92e88,0x00000000d5b00000)
  to   space 2048K, 0% used [0x00000000d5700000,0x00000000d5700000,0x00000000d5900000)
 ParOldGen       total 903680K, used 903410K [0x0000000080000000, 0x00000000b7280000, 0x00000000d5580000)
  object space 903680K, 99% used [0x0000000080000000,0x00000000b723ca48,0x00000000b7280000)
 Metaspace       used 66780K, committed 68160K, reserved 1114112K
  class space    used 7676K, committed 8256K, reserved 1048576K
}
Event: 85.607 GC heap before
{Heap before GC invocations=1002 (full 3):
 PSYoungGen      total 3584K, used 3147K [0x00000000d5580000, 0x00000000d5b80000, 0x0000000100000000)
  eden space 1536K, 100% used [0x00000000d5580000,0x00000000d5700000,0x00000000d5700000)
  from space 2048K, 78% used [0x00000000d5900000,0x00000000d5a92e88,0x00000000d5b00000)
  to   space 2048K, 0% used [0x00000000d5700000,0x00000000d5700000,0x00000000d5900000)
 ParOldGen       total 903680K, used 903410K [0x0000000080000000, 0x00000000b7280000, 0x00000000d5580000)
  object space 903680K, 99% used [0x0000000080000000,0x00000000b723ca48,0x00000000b7280000)
 Metaspace       used 66780K, committed 68160K, reserved 1114112K
  class space    used 7676K, committed 8256K, reserved 1048576K
}
Event: 85.612 GC heap after
{Heap after GC invocations=1002 (full 3):
 PSYoungGen      total 3584K, used 1682K [0x00000000d5580000, 0x00000000d5b80000, 0x0000000100000000)
  eden space 1536K, 0% used [0x00000000d5580000,0x00000000d5580000,0x00000000d5700000)
  from space 2048K, 82% used [0x00000000d5700000,0x00000000d58a4a10,0x00000000d5900000)
  to   space 2048K, 0% used [0x00000000d5980000,0x00000000d5980000,0x00000000d5b80000)
 ParOldGen       total 905216K, used 904895K [0x0000000080000000, 0x00000000b7400000, 0x00000000d5580000)
  object space 905216K, 99% used [0x0000000080000000,0x00000000b73afdb8,0x00000000b7400000)
 Metaspace       used 66780K, committed 68160K, reserved 1114112K
  class space    used 7676K, committed 8256K, reserved 1048576K
}
Event: 85.633 GC heap before
{Heap before GC invocations=1003 (full 3):
 PSYoungGen      total 3584K, used 3218K [0x00000000d5580000, 0x00000000d5b80000, 0x0000000100000000)
  eden space 1536K, 100% used [0x00000000d5580000,0x00000000d5700000,0x00000000d5700000)
  from space 2048K, 82% used [0x00000000d5700000,0x00000000d58a4a10,0x00000000d5900000)
  to   space 2048K, 0% used [0x00000000d5980000,0x00000000d5980000,0x00000000d5b80000)
 ParOldGen       total 905216K, used 904895K [0x0000000080000000, 0x00000000b7400000, 0x00000000d5580000)
  object space 905216K, 99% used [0x0000000080000000,0x00000000b73afdb8,0x00000000b7400000)
 Metaspace       used 66780K, committed 68160K, reserved 1114112K
  class space    used 7676K, committed 8256K, reserved 1048576K
}

Dll operation events (15 events):
Event: 0.033 Loaded shared library c:\Users\SHUBHAM\.vscode\extensions\redhat.java-1.47.0-win32-x64\jre\21.0.8-win32-x86_64\bin\java.dll
Event: 0.182 Loaded shared library c:\Users\SHUBHAM\.vscode\extensions\redhat.java-1.47.0-win32-x64\jre\21.0.8-win32-x86_64\bin\zip.dll
Event: 0.213 Loaded shared library C:\Users\SHUBHAM\.vscode\extensions\redhat.java-1.47.0-win32-x64\jre\21.0.8-win32-x86_64\bin\instrument.dll
Event: 0.220 Loaded shared library C:\Users\SHUBHAM\.vscode\extensions\redhat.java-1.47.0-win32-x64\jre\21.0.8-win32-x86_64\bin\net.dll
Event: 0.225 Loaded shared library C:\Users\SHUBHAM\.vscode\extensions\redhat.java-1.47.0-win32-x64\jre\21.0.8-win32-x86_64\bin\nio.dll
Event: 0.230 Loaded shared library C:\Users\SHUBHAM\.vscode\extensions\redhat.java-1.47.0-win32-x64\jre\21.0.8-win32-x86_64\bin\zip.dll
Event: 0.254 Loaded shared library C:\Users\SHUBHAM\.vscode\extensions\redhat.java-1.47.0-win32-x64\jre\21.0.8-win32-x86_64\bin\jimage.dll
Event: 0.377 Loaded shared library c:\Users\SHUBHAM\.vscode\extensions\redhat.java-1.47.0-win32-x64\jre\21.0.8-win32-x86_64\bin\verify.dll
Event: 23.031 Loaded shared library C:\Users\SHUBHAM\AppData\Roaming\Code\User\globalStorage\redhat.java\1.47.0\config_win\org.eclipse.equinox.launcher\org.eclipse.equinox.launcher.win32.win32.x86_64_1.2.1400.v20250801-0854\eclipse_11916.dll
Event: 42.631 Loaded shared library C:\Users\SHUBHAM\AppData\Local\Temp\jna--1504770158\jna12750622196204038926.dll
Event: 44.290 Loaded shared library C:\Users\SHUBHAM\.vscode\extensions\redhat.java-1.47.0-win32-x64\jre\21.0.8-win32-x86_64\bin\sunmscapi.dll
Event: 44.862 Loaded shared library C:\Users\SHUBHAM\.vscode\extensions\redhat.java-1.47.0-win32-x64\jre\21.0.8-win32-x86_64\bin\extnet.dll
Event: 48.489 Loaded shared library C:\Users\SHUBHAM\.gradle\native\1def1411415f61bf3af743bc5b6707747c0891f09f0c88961ee8f79bc544acac\windows-amd64\native-platform.dll
Event: 49.498 Loaded shared library C:\Users\SHUBHAM\.vscode\extensions\redhat.java-1.47.0-win32-x64\jre\21.0.8-win32-x86_64\bin\management.dll
Event: 49.503 Loaded shared library C:\Users\SHUBHAM\.vscode\extensions\redhat.java-1.47.0-win32-x64\jre\21.0.8-win32-x86_64\bin\management_ext.dll

Deoptimization events (20 events):
Event: 83.289 Thread 0x000002cf831baed0 DEOPT PACKING pc=0x000002cf2d964870 sp=0x000000d9017fe2d0
Event: 83.289 Thread 0x000002cf831baed0 DEOPT UNPACKING pc=0x000002cf33ae4242 sp=0x000000d9017fd768 mode 0
Event: 83.289 Thread 0x000002cf831baed0 DEOPT PACKING pc=0x000002cf2d964870 sp=0x000000d9017fe5b0
Event: 83.289 Thread 0x000002cf831baed0 DEOPT UNPACKING pc=0x000002cf33ae4242 sp=0x000000d9017fda48 mode 0
Event: 83.290 Thread 0x000002cf831baed0 DEOPT PACKING pc=0x000002cf2d964870 sp=0x000000d9017fe310
Event: 83.290 Thread 0x000002cf831baed0 DEOPT UNPACKING pc=0x000002cf33ae4242 sp=0x000000d9017fd7a8 mode 0
Event: 83.292 Thread 0x000002cf831baed0 DEOPT PACKING pc=0x000002cf2d964870 sp=0x000000d9017fe930
Event: 83.292 Thread 0x000002cf831baed0 DEOPT UNPACKING pc=0x000002cf33ae4242 sp=0x000000d9017fddc8 mode 0
Event: 83.293 Thread 0x000002cf831baed0 DEOPT PACKING pc=0x000002cf2d964870 sp=0x000000d9017fe3e0
Event: 83.293 Thread 0x000002cf831baed0 DEOPT UNPACKING pc=0x000002cf33ae4242 sp=0x000000d9017fd878 mode 0
Event: 83.295 Thread 0x000002cf831baed0 DEOPT PACKING pc=0x000002cf2d964870 sp=0x000000d9017fe510
Event: 83.295 Thread 0x000002cf831baed0 DEOPT UNPACKING pc=0x000002cf33ae4242 sp=0x000000d9017fd9a8 mode 0
Event: 83.296 Thread 0x000002cf831baed0 DEOPT PACKING pc=0x000002cf2d96266f sp=0x000000d9017fec10
Event: 83.296 Thread 0x000002cf831baed0 DEOPT UNPACKING pc=0x000002cf33ae4242 sp=0x000000d9017fe160 mode 0
Event: 83.307 Thread 0x000002cf831baed0 Uncommon trap: trap_request=0xffffff45 fr.pc=0x000002cf347cefac relative=0x0000000000001dec
Event: 83.307 Thread 0x000002cf831baed0 Uncommon trap: reason=unstable_if action=reinterpret pc=0x000002cf347cefac method=org.eclipse.jdt.internal.core.index.DiskIndex.writeStreamChars(Ljava/io/OutputStream;[C)V @ 9 c2
Event: 83.307 Thread 0x000002cf831baed0 DEOPT PACKING pc=0x000002cf347cefac sp=0x000000d9017feca0
Event: 83.307 Thread 0x000002cf831baed0 DEOPT UNPACKING pc=0x000002cf33ae3aa2 sp=0x000000d9017febc8 mode 2
Event: 84.537 Thread 0x000002cf831baed0 DEOPT PACKING pc=0x000002cf2d97f21f sp=0x000000d9017feb10
Event: 84.537 Thread 0x000002cf831baed0 DEOPT UNPACKING pc=0x000002cf33ae4242 sp=0x000000d9017fe238 mode 0

Classes loaded (20 events):
Event: 65.099 Loading class java/util/TreeMap$NavigableSubMap$EntrySetView done
Event: 65.099 Loading class java/util/TreeMap$AscendingSubMap$AscendingEntrySetView done
Event: 65.099 Loading class java/util/TreeMap$NavigableSubMap$SubMapEntryIterator
Event: 65.100 Loading class java/util/TreeMap$NavigableSubMap$SubMapIterator
Event: 65.100 Loading class java/util/TreeMap$NavigableSubMap$SubMapIterator done
Event: 65.100 Loading class java/util/TreeMap$NavigableSubMap$SubMapEntryIterator done
Event: 65.102 Loading class java/util/regex/PatternSyntaxException
Event: 65.103 Loading class java/util/regex/PatternSyntaxException done
Event: 65.106 Loading class java/util/ImmutableCollections$SubList
Event: 65.107 Loading class java/util/ImmutableCollections$SubList done
Event: 66.416 Loading class java/util/ArrayDeque$DeqSpliterator
Event: 66.416 Loading class java/util/ArrayDeque$DeqSpliterator done
Event: 72.080 Loading class java/util/Hashtable$KeySet
Event: 72.091 Loading class java/util/Hashtable$KeySet done
Event: 72.151 Loading class java/util/stream/DistinctOps
Event: 72.152 Loading class java/util/stream/DistinctOps done
Event: 72.152 Loading class java/util/stream/DistinctOps$1
Event: 72.152 Loading class java/util/stream/DistinctOps$1 done
Event: 72.156 Loading class java/util/stream/DistinctOps$1$2
Event: 72.156 Loading class java/util/stream/DistinctOps$1$2 done

Classes unloaded (8 events):
Event: 43.373 Thread 0x000002cf29410a50 Unloading class 0x000002cf411a4000 'java/lang/invoke/LambdaForm$MH+0x000002cf411a4000'
Event: 43.373 Thread 0x000002cf29410a50 Unloading class 0x000002cf411a3c00 'java/lang/invoke/LambdaForm$MH+0x000002cf411a3c00'
Event: 43.373 Thread 0x000002cf29410a50 Unloading class 0x000002cf411a3800 'java/lang/invoke/LambdaForm$MH+0x000002cf411a3800'
Event: 43.373 Thread 0x000002cf29410a50 Unloading class 0x000002cf411a3400 'java/lang/invoke/LambdaForm$MH+0x000002cf411a3400'
Event: 43.373 Thread 0x000002cf29410a50 Unloading class 0x000002cf411a3000 'java/lang/invoke/LambdaForm$BMH+0x000002cf411a3000'
Event: 43.373 Thread 0x000002cf29410a50 Unloading class 0x000002cf411a2c00 'java/lang/invoke/LambdaForm$DMH+0x000002cf411a2c00'
Event: 43.373 Thread 0x000002cf29410a50 Unloading class 0x000002cf411a1800 'java/lang/invoke/LambdaForm$DMH+0x000002cf411a1800'
Event: 44.564 Thread 0x000002cf29410a50 Unloading class 0x000002cf413b9c00 'java/lang/invoke/LambdaForm$MH+0x000002cf413b9c00'

Classes redefined (0 events):
No events

Internal exceptions (20 events):
Event: 71.221 Thread 0x000002cf8b984fb0 Exception <a 'sun/nio/fs/WindowsException'{0x00000000d56a6110}> (0x00000000d56a6110) 
thrown [s\src\hotspot\share\prims\jni.cpp, line 520]
Event: 71.221 Thread 0x000002cf8b984fb0 Exception <a 'sun/nio/fs/WindowsException'{0x00000000d56c3840}> (0x00000000d56c3840) 
thrown [s\src\hotspot\share\prims\jni.cpp, line 520]
Event: 71.221 Thread 0x000002cf8b984fb0 Exception <a 'sun/nio/fs/WindowsException'{0x00000000d56dfd20}> (0x00000000d56dfd20) 
thrown [s\src\hotspot\share\prims\jni.cpp, line 520]
Event: 72.114 Thread 0x000002cf831ba840 Exception <a 'sun/nio/fs/WindowsException'{0x00000000d5a26a40}> (0x00000000d5a26a40) 
thrown [s\src\hotspot\share\prims\jni.cpp, line 520]
Event: 72.115 Thread 0x000002cf831ba840 Exception <a 'sun/nio/fs/WindowsException'{0x00000000d5a54d48}> (0x00000000d5a54d48) 
thrown [s\src\hotspot\share\prims\jni.cpp, line 520]
Event: 72.115 Thread 0x000002cf831ba840 Exception <a 'sun/nio/fs/WindowsException'{0x00000000d5a557e0}> (0x00000000d5a557e0) 
thrown [s\src\hotspot\share\prims\jni.cpp, line 520]
Event: 72.115 Thread 0x000002cf831ba840 Exception <a 'sun/nio/fs/WindowsException'{0x00000000d5a55e10}> (0x00000000d5a55e10) 
thrown [s\src\hotspot\share\prims\jni.cpp, line 520]
Event: 72.122 Thread 0x000002cf831ba840 Exception <a 'java/io/FileNotFoundException'{0x00000000d56a9238}> (0x00000000d56a9238) 
thrown [s\src\hotspot\share\prims\jni.cpp, line 520]
Event: 72.123 Thread 0x000002cf831ba840 Exception <a 'java/io/FileNotFoundException'{0x00000000d5730710}> (0x00000000d5730710) 
thrown [s\src\hotspot\share\prims\jni.cpp, line 520]
Event: 72.139 Thread 0x000002cf831ba840 Exception <a 'sun/nio/fs/WindowsException'{0x00000000d569f990}> (0x00000000d569f990) 
thrown [s\src\hotspot\share\prims\jni.cpp, line 520]
Event: 72.139 Thread 0x000002cf831ba840 Exception <a 'sun/nio/fs/WindowsException'{0x00000000d569ffc0}> (0x00000000d569ffc0) 
thrown [s\src\hotspot\share\prims\jni.cpp, line 520]
Event: 72.201 Thread 0x000002cf831ba840 Exception <a 'sun/nio/fs/WindowsException'{0x00000000d57b82e0}> (0x00000000d57b82e0) 
thrown [s\src\hotspot\share\prims\jni.cpp, line 520]
Event: 72.202 Thread 0x000002cf831ba840 Exception <a 'sun/nio/fs/WindowsException'{0x00000000d57b8910}> (0x00000000d57b8910) 
thrown [s\src\hotspot\share\prims\jni.cpp, line 520]
Event: 72.202 Thread 0x000002cf831ba840 Exception <a 'sun/nio/fs/WindowsException'{0x00000000d57b93a8}> (0x00000000d57b93a8) 
thrown [s\src\hotspot\share\prims\jni.cpp, line 520]
Event: 72.202 Thread 0x000002cf831ba840 Exception <a 'sun/nio/fs/WindowsException'{0x00000000d57f97a8}> (0x00000000d57f97a8) 
thrown [s\src\hotspot\share\prims\jni.cpp, line 520]
Event: 72.202 Thread 0x000002cf831ba840 Exception <a 'sun/nio/fs/WindowsException'{0x00000000d57fab78}> (0x00000000d57fab78) 
thrown [s\src\hotspot\share\prims\jni.cpp, line 520]
Event: 72.203 Thread 0x000002cf831ba840 Exception <a 'sun/nio/fs/WindowsException'{0x00000000d582a5e0}> (0x00000000d582a5e0) 
thrown [s\src\hotspot\share\prims\jni.cpp, line 520]
Event: 73.513 Thread 0x000002cf831baed0 Implicit null exception at 0x000002cf3468f501 to 0x000002cf34691778
Event: 73.514 Thread 0x000002cf831baed0 Implicit null exception at 0x000002cf34680fe2 to 0x000002cf34683728
Event: 77.345 Thread 0x000002cf831baed0 Exception <a 'sun/nio/fs/WindowsException'{0x00000000d560a498}> (0x00000000d560a498) 
thrown [s\src\hotspot\share\prims\jni.cpp, line 520]

ZGC Phase Switch (0 events):
No events

VM Operations (20 events):
Event: 84.394 Executing VM operation: ParallelGCFailedAllocation (Allocation Failure) done
Event: 84.410 Executing VM operation: ParallelGCFailedAllocation (Allocation Failure)
Event: 84.413 Executing VM operation: ParallelGCFailedAllocation (Allocation Failure) done
Event: 84.439 Executing VM operation: ParallelGCFailedAllocation (Allocation Failure)
Event: 84.444 Executing VM operation: ParallelGCFailedAllocation (Allocation Failure) done
Event: 84.463 Executing VM operation: ParallelGCFailedAllocation (Allocation Failure)
Event: 84.467 Executing VM operation: ParallelGCFailedAllocation (Allocation Failure) done
Event: 84.477 Executing VM operation: ParallelGCFailedAllocation (Allocation Failure)
Event: 84.481 Executing VM operation: ParallelGCFailedAllocation (Allocation Failure) done
Event: 84.496 Executing VM operation: ParallelGCFailedAllocation (Allocation Failure)
Event: 84.499 Executing VM operation: ParallelGCFailedAllocation (Allocation Failure) done
Event: 84.523 Executing VM operation: ParallelGCFailedAllocation (Allocation Failure)
Event: 84.527 Executing VM operation: ParallelGCFailedAllocation (Allocation Failure) done
Event: 84.552 Executing VM operation: ParallelGCFailedAllocation (Allocation Failure)
Event: 84.556 Executing VM operation: ParallelGCFailedAllocation (Allocation Failure) done
Event: 84.573 Executing VM operation: ParallelGCFailedAllocation (Allocation Failure)
Event: 85.586 Executing VM operation: ParallelGCFailedAllocation (Allocation Failure) done
Event: 85.607 Executing VM operation: ParallelGCFailedAllocation (Allocation Failure)
Event: 85.612 Executing VM operation: ParallelGCFailedAllocation (Allocation Failure) done
Event: 85.633 Executing VM operation: ParallelGCFailedAllocation (Allocation Failure)

Memory protections (0 events):
No events

Nmethod flushes (20 events):
Event: 49.414 Thread 0x000002cf29410a50 flushing  nmethod 0x000002cf2ce7fb10
Event: 49.414 Thread 0x000002cf29410a50 flushing  nmethod 0x000002cf2ce80210
Event: 49.414 Thread 0x000002cf29410a50 flushing  nmethod 0x000002cf2ce80f90
Event: 49.414 Thread 0x000002cf29410a50 flushing  nmethod 0x000002cf2ce82990
Event: 49.414 Thread 0x000002cf29410a50 flushing  nmethod 0x000002cf2ce93f90
Event: 49.414 Thread 0x000002cf29410a50 flushing  nmethod 0x000002cf2ce94510
Event: 49.414 Thread 0x000002cf29410a50 flushing  nmethod 0x000002cf2ce94c10
Event: 49.414 Thread 0x000002cf29410a50 flushing  nmethod 0x000002cf2ce95e10
Event: 49.414 Thread 0x000002cf29410a50 flushing  nmethod 0x000002cf2ce96290
Event: 49.414 Thread 0x000002cf29410a50 flushing  nmethod 0x000002cf2ce9d890
Event: 49.414 Thread 0x000002cf29410a50 flushing  nmethod 0x000002cf2ceacc90
Event: 49.414 Thread 0x000002cf29410a50 flushing  nmethod 0x000002cf2ceb6d90
Event: 49.414 Thread 0x000002cf29410a50 flushing  nmethod 0x000002cf2cec6610
Event: 49.414 Thread 0x000002cf29410a50 flushing  nmethod 0x000002cf2ced0810
Event: 49.414 Thread 0x000002cf29410a50 flushing osr nmethod 0x000002cf2ced6e10
Event: 49.414 Thread 0x000002cf29410a50 flushing  nmethod 0x000002cf2cf2c810
Event: 49.414 Thread 0x000002cf29410a50 flushing  nmethod 0x000002cf2cf32510
Event: 49.414 Thread 0x000002cf29410a50 flushing  nmethod 0x000002cf2cf62890
Event: 49.414 Thread 0x000002cf29410a50 flushing  nmethod 0x000002cf2cf6a310
Event: 49.414 Thread 0x000002cf29410a50 flushing  nmethod 0x000002cf2cf6ac10

Events (20 events):
Event: 65.080 Thread 0x000002cf8c369450 Thread added: 0x000002cf8c368dc0
Event: 65.080 Thread 0x000002cf8c368730 Thread added: 0x000002cf8c369ae0
Event: 65.081 Thread 0x000002cf8c367a10 Thread added: 0x000002cf8b9869f0
Event: 65.081 Thread 0x000002cf8c368dc0 Thread added: 0x000002cf8c8b5b40
Event: 65.081 Thread 0x000002cf8c369ae0 Thread added: 0x000002cf8c8b6860
Event: 65.081 Thread 0x000002cf8b9869f0 Thread added: 0x000002cf8c8b61d0
Event: 65.081 Thread 0x000002cf8c8b5b40 Thread added: 0x000002cf8c8b4e20
Event: 65.083 Thread 0x000002cf8c368730 Thread added: 0x000002cf8c8b33e0
Event: 65.083 Thread 0x000002cf8c8b4e20 Thread added: 0x000002cf8c8b6ef0
Event: 68.301 Thread 0x000002cf88684730 Thread exited: 0x000002cf88684730
Event: 69.303 Thread 0x000002cf29428280 Thread added: 0x000002cf8cd824d0
Event: 69.717 Thread 0x000002cf8cd824d0 Thread exited: 0x000002cf8cd824d0
Event: 71.768 Thread 0x000002cf29428280 Thread added: 0x000002cf8965a120
Event: 71.768 Thread 0x000002cf29428280 Thread added: 0x000002cf8dbcf560
Event: 73.155 Thread 0x000002cf8dbcf560 Thread exited: 0x000002cf8dbcf560
Event: 74.022 Thread 0x000002cf8965a120 Thread exited: 0x000002cf8965a120
Event: 75.915 Thread 0x000002cf2941f400 Thread added: 0x000002cf8b3cf3d0
Event: 76.562 Thread 0x000002cf8b3cf3d0 Thread exited: 0x000002cf8b3cf3d0
Event: 77.382 Thread 0x000002cf29428280 Thread added: 0x000002cf837b9ec0
Event: 78.845 Thread 0x000002cf837b9ec0 Thread exited: 0x000002cf837b9ec0


Dynamic libraries:
0x00007ff73bdb0000 - 0x00007ff73bdbe000 	c:\Users\SHUBHAM\.vscode\extensions\redhat.java-1.47.0-win32-x64\jre\21.0.8-win32-x86_64\bin\java.exe
0x00007ff851060000 - 0x00007ff8512c8000 	C:\WINDOWS\SYSTEM32\ntdll.dll
0x00007ff8509b0000 - 0x00007ff850a79000 	C:\WINDOWS\System32\KERNEL32.DLL
0x00007ff84e1b0000 - 0x00007ff84e5a8000 	C:\WINDOWS\System32\KERNELBASE.dll
0x00007ff84e890000 - 0x00007ff84e9db000 	C:\WINDOWS\System32\ucrtbase.dll
0x00007ff82d1c0000 - 0x00007ff82d1d8000 	c:\Users\SHUBHAM\.vscode\extensions\redhat.java-1.47.0-win32-x64\jre\21.0.8-win32-x86_64\bin\jli.dll
0x00007ff822920000 - 0x00007ff82293e000 	c:\Users\SHUBHAM\.vscode\extensions\redhat.java-1.47.0-win32-x64\jre\21.0.8-win32-x86_64\bin\VCRUNTIME140.dll
0x00007ff8504d0000 - 0x00007ff850697000 	C:\WINDOWS\System32\USER32.dll
0x00007ff83ca40000 - 0x00007ff83ccd4000 	C:\WINDOWS\WinSxS\amd64_microsoft.windows.common-controls_6595b64144ccf1df_6.0.26100.7019_none_3e06ffa0e335b8a8\COMCTL32.dll
0x00007ff84ef00000 - 0x00007ff84efa9000 	C:\WINDOWS\System32\msvcrt.dll
0x00007ff84e6e0000 - 0x00007ff84e707000 	C:\WINDOWS\System32\win32u.dll
0x00007ff850f30000 - 0x00007ff850f5b000 	C:\WINDOWS\System32\GDI32.dll
0x00007ff84e5b0000 - 0x00007ff84e6dc000 	C:\WINDOWS\System32\gdi32full.dll
0x00007ff84e9e0000 - 0x00007ff84ea83000 	C:\WINDOWS\System32\msvcp_win.dll
0x00007ff850ef0000 - 0x00007ff850f21000 	C:\WINDOWS\System32\IMM32.DLL
0x00007ff845fa0000 - 0x00007ff845fac000 	c:\Users\SHUBHAM\.vscode\extensions\redhat.java-1.47.0-win32-x64\jre\21.0.8-win32-x86_64\bin\vcruntime140_1.dll
0x00007fffdb640000 - 0x00007fffdb6cd000 	c:\Users\SHUBHAM\.vscode\extensions\redhat.java-1.47.0-win32-x64\jre\21.0.8-win32-x86_64\bin\msvcp140.dll
0x00007fffad1e0000 - 0x00007fffadf77000 	c:\Users\SHUBHAM\.vscode\extensions\redhat.java-1.47.0-win32-x64\jre\21.0.8-win32-x86_64\bin\server\jvm.dll
0x00007ff850c40000 - 0x00007ff850cf4000 	C:\WINDOWS\System32\ADVAPI32.dll
0x00007ff8508f0000 - 0x00007ff850996000 	C:\WINDOWS\System32\sechost.dll
0x00007ff8506d0000 - 0x00007ff8507e8000 	C:\WINDOWS\System32\RPCRT4.dll
0x00007ff84ee80000 - 0x00007ff84eef4000 	C:\WINDOWS\System32\WS2_32.dll
0x00007ff845100000 - 0x00007ff845135000 	C:\WINDOWS\SYSTEM32\WINMM.dll
0x00007ff84e030000 - 0x00007ff84e08e000 	C:\WINDOWS\SYSTEM32\POWRPROF.dll
0x00007ff8470c0000 - 0x00007ff8470cb000 	C:\WINDOWS\SYSTEM32\VERSION.dll
0x00007ff84e010000 - 0x00007ff84e024000 	C:\WINDOWS\SYSTEM32\UMPDC.dll
0x00007ff84cf50000 - 0x00007ff84cf6b000 	C:\WINDOWS\SYSTEM32\kernel.appcore.dll
0x00007ff8458d0000 - 0x00007ff8458da000 	c:\Users\SHUBHAM\.vscode\extensions\redhat.java-1.47.0-win32-x64\jre\21.0.8-win32-x86_64\bin\jimage.dll
0x00007ff84bb30000 - 0x00007ff84bd72000 	C:\WINDOWS\SYSTEM32\DBGHELP.DLL
0x00007ff850060000 - 0x00007ff8503eb000 	C:\WINDOWS\System32\combase.dll
0x00007ff8503f0000 - 0x00007ff8504c7000 	C:\WINDOWS\System32\OLEAUT32.dll
0x00007ff836cf0000 - 0x00007ff836d2c000 	C:\WINDOWS\SYSTEM32\dbgcore.DLL
0x00007ff84eb50000 - 0x00007ff84ebf5000 	C:\WINDOWS\System32\bcryptPrimitives.dll
0x00007ff83a760000 - 0x00007ff83a76f000 	c:\Users\SHUBHAM\.vscode\extensions\redhat.java-1.47.0-win32-x64\jre\21.0.8-win32-x86_64\bin\instrument.dll
0x00007ff814c90000 - 0x00007ff814caf000 	c:\Users\SHUBHAM\.vscode\extensions\redhat.java-1.47.0-win32-x64\jre\21.0.8-win32-x86_64\bin\java.dll
0x00007ff84f810000 - 0x00007ff84ff61000 	C:\WINDOWS\System32\SHELL32.dll
0x00007ff84ec00000 - 0x00007ff84ed6b000 	C:\WINDOWS\System32\wintypes.dll
0x00007ff84bdb0000 - 0x00007ff84c60d000 	C:\WINDOWS\SYSTEM32\windows.storage.dll
0x00007ff850a80000 - 0x00007ff850b72000 	C:\WINDOWS\System32\SHCORE.dll
0x00007ff84f440000 - 0x00007ff84f4a7000 	C:\WINDOWS\System32\shlwapi.dll
0x00007ff84e0d0000 - 0x00007ff84e0f9000 	C:\WINDOWS\SYSTEM32\profapi.dll
0x00007ff811930000 - 0x00007ff811948000 	c:\Users\SHUBHAM\.vscode\extensions\redhat.java-1.47.0-win32-x64\jre\21.0.8-win32-x86_64\bin\zip.dll
0x00007ff845830000 - 0x00007ff845840000 	C:\Users\SHUBHAM\.vscode\extensions\redhat.java-1.47.0-win32-x64\jre\21.0.8-win32-x86_64\bin\net.dll
0x00007ff846b10000 - 0x00007ff846c38000 	C:\WINDOWS\SYSTEM32\WINHTTP.dll
0x00007ff84d4e0000 - 0x00007ff84d54b000 	C:\WINDOWS\system32\mswsock.dll
0x00007ff8105b0000 - 0x00007ff8105c6000 	C:\Users\SHUBHAM\.vscode\extensions\redhat.java-1.47.0-win32-x64\jre\21.0.8-win32-x86_64\bin\nio.dll
0x00007ff845c30000 - 0x00007ff845c40000 	c:\Users\SHUBHAM\.vscode\extensions\redhat.java-1.47.0-win32-x64\jre\21.0.8-win32-x86_64\bin\verify.dll
0x00007ff82f300000 - 0x00007ff82f344000 	C:\Users\SHUBHAM\AppData\Roaming\Code\User\globalStorage\redhat.java\1.47.0\config_win\org.eclipse.equinox.launcher\org.eclipse.equinox.launcher.win32.win32.x86_64_1.2.1400.v20250801-0854\eclipse_11916.dll
0x00007ff84f4b0000 - 0x00007ff84f647000 	C:\WINDOWS\System32\ole32.dll
0x00007ff84d7a0000 - 0x00007ff84d7bb000 	C:\WINDOWS\SYSTEM32\CRYPTSP.dll
0x00007ff84cea0000 - 0x00007ff84ceda000 	C:\WINDOWS\system32\rsaenh.dll
0x00007ff84d590000 - 0x00007ff84d5bb000 	C:\WINDOWS\SYSTEM32\USERENV.dll
0x00007ff84e0a0000 - 0x00007ff84e0ca000 	C:\WINDOWS\SYSTEM32\bcrypt.dll
0x00007ff84d7c0000 - 0x00007ff84d7cc000 	C:\WINDOWS\SYSTEM32\CRYPTBASE.dll
0x00007ff84c920000 - 0x00007ff84c954000 	C:\WINDOWS\SYSTEM32\IPHLPAPI.DLL
0x00007ff850f90000 - 0x00007ff850f9a000 	C:\WINDOWS\System32\NSI.dll
0x00007ff8481b0000 - 0x00007ff8481f9000 	C:\Users\SHUBHAM\AppData\Local\Temp\jna--1504770158\jna12750622196204038926.dll
0x00007ff850d00000 - 0x00007ff850d08000 	C:\WINDOWS\System32\PSAPI.DLL
0x00007ff8470d0000 - 0x00007ff8470ee000 	C:\WINDOWS\SYSTEM32\dhcpcsvc6.DLL
0x00007ff846570000 - 0x00007ff846593000 	C:\WINDOWS\SYSTEM32\dhcpcsvc.DLL
0x00007ff845670000 - 0x00007ff84567e000 	C:\Users\SHUBHAM\.vscode\extensions\redhat.java-1.47.0-win32-x64\jre\21.0.8-win32-x86_64\bin\sunmscapi.dll
0x00007ff84e710000 - 0x00007ff84e887000 	C:\WINDOWS\System32\CRYPT32.dll
0x00007ff84d9c0000 - 0x00007ff84d9f0000 	C:\WINDOWS\SYSTEM32\ncrypt.dll
0x00007ff84d970000 - 0x00007ff84d9af000 	C:\WINDOWS\SYSTEM32\NTASN1.dll
0x00007ff84ca20000 - 0x00007ff84cb4c000 	C:\WINDOWS\SYSTEM32\DNSAPI.dll
0x00007ff841a30000 - 0x00007ff841a3b000 	C:\Windows\System32\rasadhlp.dll
0x00007ff8422a0000 - 0x00007ff842326000 	C:\WINDOWS\System32\fwpuclnt.dll
0x00007ff8446c0000 - 0x00007ff8446c9000 	C:\Users\SHUBHAM\.vscode\extensions\redhat.java-1.47.0-win32-x64\jre\21.0.8-win32-x86_64\bin\extnet.dll
0x00007ff80a0b0000 - 0x00007ff80a0d7000 	C:\Users\SHUBHAM\.gradle\native\1def1411415f61bf3af743bc5b6707747c0891f09f0c88961ee8f79bc544acac\windows-amd64\native-platform.dll
0x00007ff8458f0000 - 0x00007ff8458fa000 	C:\Users\SHUBHAM\.vscode\extensions\redhat.java-1.47.0-win32-x64\jre\21.0.8-win32-x86_64\bin\management.dll
0x00007ff8458e0000 - 0x00007ff8458eb000 	C:\Users\SHUBHAM\.vscode\extensions\redhat.java-1.47.0-win32-x64\jre\21.0.8-win32-x86_64\bin\management_ext.dll

JVMTI agents:
c:\Users\SHUBHAM\.vscode\extensions\redhat.java-1.47.0-win32-x64\lombok\lombok-1.18.39-4050.jar path:c:\Users\SHUBHAM\.vscode\extensions\redhat.java-1.47.0-win32-x64\jre\21.0.8-win32-x86_64\bin\instrument.dll, loaded, initialized, instrumentlib options:none

dbghelp: loaded successfully - version: 4.0.5 - missing functions: none
symbol engine: initialized successfully - sym options: 0x614 - pdb path: .;c:\Users\SHUBHAM\.vscode\extensions\redhat.java-1.47.0-win32-x64\jre\21.0.8-win32-x86_64\bin;C:\WINDOWS\SYSTEM32;C:\WINDOWS\WinSxS\amd64_microsoft.windows.common-controls_6595b64144ccf1df_6.0.26100.7019_none_3e06ffa0e335b8a8;c:\Users\SHUBHAM\.vscode\extensions\redhat.java-1.47.0-win32-x64\jre\21.0.8-win32-x86_64\bin\server;C:\Users\SHUBHAM\AppData\Roaming\Code\User\globalStorage\redhat.java\1.47.0\config_win\org.eclipse.equinox.launcher\org.eclipse.equinox.launcher.win32.win32.x86_64_1.2.1400.v20250801-0854;C:\Users\SHUBHAM\AppData\Local\Temp\jna--1504770158;C:\Users\SHUBHAM\.gradle\native\1def1411415f61bf3af743bc5b6707747c0891f09f0c88961ee8f79bc544acac\windows-amd64

VM Arguments:
jvm_args: --add-modules=ALL-SYSTEM --add-opens=java.base/java.util=ALL-UNNAMED --add-opens=java.base/java.lang=ALL-UNNAMED --add-opens=java.base/sun.nio.fs=ALL-UNNAMED -Declipse.application=org.eclipse.jdt.ls.core.id1 -Dosgi.bundles.defaultStartLevel=4 -Declipse.product=org.eclipse.jdt.ls.core.product -Djava.import.generatesMetadataFilesAtProjectRoot=false -DDetectVMInstallationsJob.disabled=true -Dfile.encoding=utf8 -XX:+UseParallelGC -XX:GCTimeRatio=4 -XX:AdaptiveSizePolicyWeight=90 -Dsun.zip.disableMemoryMapping=true -Xmx2G -Xms100m -Xlog:disable -javaagent:c:\Users\SHUBHAM\.vscode\extensions\redhat.java-1.47.0-win32-x64\lombok\lombok-1.18.39-4050.jar -XX:+HeapDumpOnOutOfMemoryError -XX:HeapDumpPath=c:\Users\SHUBHAM\AppData\Roaming\Code\User\workspaceStorage\6f7126b1a35a225d3bb883133d0c9c32\redhat.java -Daether.dependencyCollector.impl=bf 
java_command: c:\Users\SHUBHAM\.vscode\extensions\redhat.java-1.47.0-win32-x64\server\plugins\org.eclipse.equinox.launcher_1.7.100.v20251014-1222.jar -configuration c:\Users\SHUBHAM\AppData\Roaming\Code\User\globalStorage\redhat.java\1.47.0\config_win -data c:\Users\SHUBHAM\AppData\Roaming\Code\User\workspaceStorage\6f7126b1a35a225d3bb883133d0c9c32\redhat.java\jdt_ws --pipe=\\.\pipe\lsp-50b5a1f32aa6bbe04988d8473feed77f-sock
java_class_path (initial): c:\Users\SHUBHAM\.vscode\extensions\redhat.java-1.47.0-win32-x64\server\plugins\org.eclipse.equinox.launcher_1.7.100.v20251014-1222.jar
Launcher Type: SUN_STANDARD

[Global flags]
    uintx AdaptiveSizePolicyWeight                 = 90                                        {product} {command line}
     intx CICompilerCount                          = 4                                         {product} {ergonomic}
    uintx GCTimeRatio                              = 4                                         {product} {command line}
     bool HeapDumpOnOutOfMemoryError               = true                                   {manageable} {command line}
    ccstr HeapDumpPath                             = c:\Users\SHUBHAM\AppData\Roaming\Code\User\workspaceStorage\6f7126b1a35a225d3bb883133d0c9c32\redhat.java         {manageable} {command line}
   size_t InitialHeapSize                          = 104857600                                 {product} {command line}
   size_t MaxHeapSize                              = 2147483648                                {product} {command line}
   size_t MaxNewSize                               = 715653120                                 {product} {ergonomic}
   size_t MinHeapDeltaBytes                        = 524288                                    {product} {ergonomic}
   size_t MinHeapSize                              = 104857600                                 {product} {command line}
   size_t NewSize                                  = 34603008                                  {product} {ergonomic}
    uintx NonNMethodCodeHeapSize                   = 5839372                                {pd product} {ergonomic}
    uintx NonProfiledCodeHeapSize                  = 122909434                              {pd product} {ergonomic}
   size_t OldSize                                  = 70254592                                  {product} {ergonomic}
    uintx ProfiledCodeHeapSize                     = 122909434                              {pd product} {ergonomic}
    uintx ReservedCodeCacheSize                    = 251658240                              {pd product} {ergonomic}
     bool SegmentedCodeCache                       = true                                      {product} {ergonomic}
   size_t SoftMaxHeapSize                          = 2147483648                             {manageable} {ergonomic}
     bool UseCompressedOops                        = true                           {product lp64_product} {ergonomic}
     bool UseLargePagesIndividualAllocation        = false                                  {pd product} {ergonomic}
     bool UseParallelGC                            = true                                      {product} {command line}

Logging:
Log output configuration:
 #0: stdout all=off uptime,level,tags foldmultilines=false
 #1: stderr all=off uptime,level,tags foldmultilines=false

Environment Variables:
JAVA_HOME=C:\Program Files\Java\jdk-21
PATH=C:\Python313\Scripts\;C:\Python313\;C:\Program Files\Common Files\Oracle\Java\javapath;C:\Python311\Scripts\;C:\Python311\;C:\Windows\system32;C:\Windows;C:\Windows\System32\Wbem;C:\Windows\System32\WindowsPowerShell\v1.0\;C:\Windows\System32\OpenSSH\;C:\Program Files (x86)\NVIDIA Corporation\PhysX\Common;C:\Program Files\NVIDIA Corporation\NVIDIA NvDLISR;C:\MinGW\bin;C:\Program Files\MySQL\MySQL Server 8.0\bin;C:\Program Files\Java\jdk-21\bin;C:\Program Files\Java\jdk-17\bin;C:\Program Files\Git\cmd;C:\Program Files\Git\mingw64\bin;C:\Program Files\Git\usr\bin;C:\Program Files\Java\jdk-22\bin;C:\Program Files\Docker\Docker\resources\bin;C:\Program Files\nodejs\;C:\ProgramData\chocolatey\bin;C:\Program Files\MongoDB\Server\8.0\bin;C:\Program Files\WireGuard\;C:\Users\SHUBHAM\AppData\Local\Android\Sdk\platform-tools;C:\WINDOWS\system32;C:\WINDOWS;C:\WINDOWS\System32\Wbem;C:\WINDOWS\System32\WindowsPowerShell\v1.0\;C:\WINDOWS\System32\OpenSSH\;C:\Program Files\Java\jdk-11\bin;C:\Program Files\MySQL\MySQL Shell 8.0\bin\;C:\Users\SHUBHAM\AppData\Local\Microsoft\WindowsApps;C:\Users\SHUBHAM\AppData\Local\Programs\Microsoft VS Code\bin;C:\Users\SHUBHAM\Downloads\bin;C:\Program Files\MySQL\MySQL Server 8.0\bin;C:\Users\SHUBHAM\AppData\Local\Programs\mongosh\;C:\Users\SHUBHAM\AppData\Roaming\npm;C:\Program Files\mongosh\;C:\Program Files\JetBrains\IntelliJ IDEA Community Edition 2025.2.4\bin
USERNAME=SHUBHAM
OS=Windows_NT
PROCESSOR_IDENTIFIER=AMD64 Family 25 Model 80 Stepping 0, AuthenticAMD
TMP=C:\Users\SHUBHAM\AppData\Local\Temp
TEMP=C:\Users\SHUBHAM\AppData\Local\Temp




Periodic native trim disabled

---------------  S Y S T E M  ---------------

OS:
 Windows 11 , 64 bit Build 26100 (10.0.26100.7019)
OS uptime: 2 days 8:34 hours
Hyper-V role detected

CPU: total 12 (initial active 12) (12 cores per cpu, 2 threads per core) family 25 model 80 stepping 0 microcode 0xa50000d, cx8, cmov, fxsr, ht, mmx, 3dnowpref, sse, sse2, sse3, ssse3, sse4a, sse4.1, sse4.2, popcnt, lzcnt, tsc, tscinvbit, avx, avx2, aes, erms, clmul, bmi1, bmi2, adx, sha, fma, vzeroupper, clflush, clflushopt, hv, rdtscp, rdpid, fsrm, f16c, cet_ss
Processor Information for processor 0
  Max Mhz: 3301, Current Mhz: 3301, Mhz Limit: 3301
Processor Information for processor 1
  Max Mhz: 3301, Current Mhz: 2011, Mhz Limit: 3301
Processor Information for processor 2
  Max Mhz: 3301, Current Mhz: 3301, Mhz Limit: 3301
Processor Information for processor 3
  Max Mhz: 3301, Current Mhz: 2011, Mhz Limit: 3301
Processor Information for processor 4
  Max Mhz: 3301, Current Mhz: 2011, Mhz Limit: 3301
Processor Information for processor 5
  Max Mhz: 3301, Current Mhz: 2011, Mhz Limit: 3301
Processor Information for processor 6
  Max Mhz: 3301, Current Mhz: 3301, Mhz Limit: 3301
Processor Information for processor 7
  Max Mhz: 3301, Current Mhz: 3301, Mhz Limit: 3301
Processor Information for processor 8
  Max Mhz: 3301, Current Mhz: 2011, Mhz Limit: 3301
Processor Information for processor 9
  Max Mhz: 3301, Current Mhz: 2011, Mhz Limit: 3301
Processor Information for processor 10
  Max Mhz: 3301, Current Mhz: 2011, Mhz Limit: 3301
Processor Information for processor 11
  Max Mhz: 3301, Current Mhz: 2011, Mhz Limit: 3301

Memory: 4k page, system-wide physical 5996M (503M free)
TotalPageFile size 24428M (AvailPageFile size 2M)
current process WorkingSet (physical memory assigned to process): 924M, peak: 962M
current process commit charge ("private bytes"): 1213M, peak: 1213M

vm_info: OpenJDK 64-Bit Server VM (21.0.8+9-LTS) for windows-amd64 JRE (21.0.8+9-LTS), built on 2025-07-15T00:00:00Z by "admin" with MS VC++ 17.7 (VS2022)

END.
